# JRE version: OpenJDK Runtime Environment (11.0.15) (build 11.0.15+0-b2043.56-8887301)
# Java VM: OpenJDK 64-Bit Server VM (11.0.15+0-b2043.56-8887301, mixed mode, tiered, compressed oops, g1 gc, windows-amd64)
Heap:
 garbage-first heap   total 187392K, used 120175K [0x0000000080000000, 0x0000000100000000)
  region size 1024K, 37 young (37888K), 7 survivors (7168K)
 Metaspace       used 97466K, capacity 100175K, committed 100508K, reserved 1136640K
  class space    used 12660K, capacity 13721K, committed 13848K, reserved 1048576K
GC Heap History (20 events):
Event: 21.770 GC heap before
{Heap before GC invocations=46 (full 0):
 garbage-first heap   total 124928K, used 93650K [0x0000000080000000, 0x0000000100000000)
  region size 1024K, 35 young (35840K), 4 survivors (4096K)
 Metaspace       used 80525K, capacity 82389K, committed 82716K, reserved 1120256K
  class space    used 10561K, capacity 11269K, committed 11416K, reserved 1048576K
}
Event: 21.783 GC heap after
{Heap after GC invocations=47 (full 0):
 garbage-first heap   total 124928K, used 63442K [0x0000000080000000, 0x0000000100000000)
  region size 1024K, 4 young (4096K), 4 survivors (4096K)
 Metaspace       used 80525K, capacity 82389K, committed 82716K, reserved 1120256K
  class space    used 10561K, capacity 11269K, committed 11416K, reserved 1048576K
}
Event: 22.676 GC heap before
{Heap before GC invocations=48 (full 0):
 garbage-first heap   total 124928K, used 96210K [0x0000000080000000, 0x0000000100000000)
  region size 1024K, 36 young (36864K), 4 survivors (4096K)
 Metaspace       used 84063K, capacity 86018K, committed 86172K, reserved 1124352K
  class space    used 11001K, capacity 11756K, committed 11800K, reserved 1048576K
}
Event: 22.688 GC heap after
{Heap after GC invocations=49 (full 0):
 garbage-first heap   total 124928K, used 65995K [0x0000000080000000, 0x0000000100000000)
  region size 1024K, 4 young (4096K), 4 survivors (4096K)
 Metaspace       used 84063K, capacity 86018K, committed 86172K, reserved 1124352K
  class space    used 11001K, capacity 11756K, committed 11800K, reserved 1048576K
}
Event: 23.188 GC heap before
{Heap before GC invocations=49 (full 0):
 garbage-first heap   total 124928K, used 97739K [0x0000000080000000, 0x0000000100000000)
  region size 1024K, 35 young (35840K), 4 survivors (4096K)
 Metaspace       used 85229K, capacity 87307K, committed 87580K, reserved 1124352K
  class space    used 11133K, capacity 11905K, committed 11928K, reserved 1048576K
}
Event: 23.206 GC heap after
{Heap after GC invocations=50 (full 0):
 garbage-first heap   total 150528K, used 68924K [0x0000000080000000, 0x0000000100000000)
  region size 1024K, 5 young (5120K), 5 survivors (5120K)
 Metaspace       used 85229K, capacity 87307K, committed 87580K, reserved 1124352K
  class space    used 11133K, capacity 11905K, committed 11928K, reserved 1048576K
}
Event: 23.620 GC heap before
{Heap before GC invocations=51 (full 0):
 garbage-first heap   total 150528K, used 109884K [0x0000000080000000, 0x0000000100000000)
  region size 1024K, 45 young (46080K), 5 survivors (5120K)
 Metaspace       used 85291K, capacity 87394K, committed 87580K, reserved 1124352K
  class space    used 11137K, capacity 11909K, committed 11928K, reserved 1048576K
}
Event: 23.635 GC heap after
{Heap after GC invocations=52 (full 0):
 garbage-first heap   total 150528K, used 74430K [0x0000000080000000, 0x0000000100000000)
  region size 1024K, 6 young (6144K), 6 survivors (6144K)
 Metaspace       used 85291K, capacity 87394K, committed 87580K, reserved 1124352K
  class space    used 11137K, capacity 11909K, committed 11928K, reserved 1048576K
}
Event: 24.560 GC heap before
{Heap before GC invocations=52 (full 0):
 garbage-first heap   total 150528K, used 114366K [0x0000000080000000, 0x0000000100000000)
  region size 1024K, 46 young (47104K), 6 survivors (6144K)
 Metaspace       used 87579K, capacity 89877K, committed 90140K, reserved 1126400K
  class space    used 11529K, capacity 12409K, committed 12440K, reserved 1048576K
}
Event: 24.582 GC heap after
{Heap after GC invocations=53 (full 0):
 garbage-first heap   total 150528K, used 78491K [0x0000000080000000, 0x0000000100000000)
  region size 1024K, 4 young (4096K), 4 survivors (4096K)
 Metaspace       used 87579K, capacity 89877K, committed 90140K, reserved 1126400K
  class space    used 11529K, capacity 12409K, committed 12440K, reserved 1048576K
}
Event: 25.155 GC heap before
{Heap before GC invocations=54 (full 0):
 garbage-first heap   total 150528K, used 117403K [0x0000000080000000, 0x0000000100000000)
  region size 1024K, 43 young (44032K), 4 survivors (4096K)
 Metaspace       used 88125K, capacity 90613K, committed 90908K, reserved 1128448K
  class space    used 11612K, capacity 12565K, committed 12696K, reserved 1048576K
}
Event: 25.166 GC heap after
{Heap after GC invocations=55 (full 0):
 garbage-first heap   total 150528K, used 80397K [0x0000000080000000, 0x0000000100000000)
  region size 1024K, 6 young (6144K), 6 survivors (6144K)
 Metaspace       used 88125K, capacity 90613K, committed 90908K, reserved 1128448K
  class space    used 11612K, capacity 12565K, committed 12696K, reserved 1048576K
}
Event: 25.731 GC heap before
{Heap before GC invocations=55 (full 0):
 garbage-first heap   total 150528K, used 119309K [0x0000000080000000, 0x0000000100000000)
  region size 1024K, 45 young (46080K), 6 survivors (6144K)
 Metaspace       used 88605K, capacity 91071K, committed 91164K, reserved 1128448K
  class space    used 11651K, capacity 12620K, committed 12696K, reserved 1048576K
}
Event: 25.751 GC heap after
{Heap after GC invocations=56 (full 0):
 garbage-first heap   total 187392K, used 83309K [0x0000000080000000, 0x0000000100000000)
  region size 1024K, 6 young (6144K), 6 survivors (6144K)
 Metaspace       used 88605K, capacity 91071K, committed 91164K, reserved 1128448K
  class space    used 11651K, capacity 12620K, committed 12696K, reserved 1048576K
}
Event: 27.056 GC heap before
{Heap before GC invocations=57 (full 0):
 garbage-first heap   total 187392K, used 135533K [0x0000000080000000, 0x0000000100000000)
  region size 1024K, 58 young (59392K), 6 survivors (6144K)
 Metaspace       used 92053K, capacity 94610K, committed 94876K, reserved 1130496K
  class space    used 11990K, capacity 12932K, committed 13080K, reserved 1048576K
}
Event: 27.071 GC heap after
{Heap after GC invocations=58 (full 0):
 garbage-first heap   total 187392K, used 85407K [0x0000000080000000, 0x0000000100000000)
  region size 1024K, 6 young (6144K), 6 survivors (6144K)
 Metaspace       used 92053K, capacity 94610K, committed 94876K, reserved 1130496K
  class space    used 11990K, capacity 12932K, committed 13080K, reserved 1048576K
}
Event: 28.989 GC heap before
{Heap before GC invocations=58 (full 0):
 garbage-first heap   total 187392K, used 146847K [0x0000000080000000, 0x0000000100000000)
  region size 1024K, 66 young (67584K), 6 survivors (6144K)
 Metaspace       used 96217K, capacity 98865K, committed 98972K, reserved 1134592K
  class space    used 12538K, capacity 13557K, committed 13592K, reserved 1048576K
}
Event: 29.006 GC heap after
{Heap after GC invocations=59 (full 0):
 garbage-first heap   total 187392K, used 88184K [0x0000000080000000, 0x0000000100000000)
  region size 1024K, 6 young (6144K), 6 survivors (6144K)
 Metaspace       used 96217K, capacity 98865K, committed 98972K, reserved 1134592K
  class space    used 12538K, capacity 13557K, committed 13592K, reserved 1048576K
}
Event: 29.668 GC heap before
{Heap before GC invocations=59 (full 0):
 garbage-first heap   total 187392K, used 151672K [0x0000000080000000, 0x0000000100000000)
  region size 1024K, 69 young (70656K), 6 survivors (6144K)
 Metaspace       used 96532K, capacity 99189K, committed 99228K, reserved 1134592K
  class space    used 12545K, capacity 13561K, committed 13592K, reserved 1048576K
}
Event: 29.689 GC heap after
{Heap after GC invocations=60 (full 0):
 garbage-first heap   total 187392K, used 91503K [0x0000000080000000, 0x0000000100000000)
  region size 1024K, 7 young (7168K), 7 survivors (7168K)
 Metaspace       used 96532K, capacity 99189K, committed 99228K, reserved 1134592K
  class space    used 12545K, capacity 13561K, committed 13592K, reserved 1048576K
}

