# JRE version: OpenJDK Runtime Environment (11.0.15) (build 11.0.15+0-b2043.56-8887301)
# Java VM: OpenJDK 64-Bit Server VM (11.0.15+0-b2043.56-8887301, mixed mode, tiered, compressed oops, g1 gc, windows-amd64)
Heap:
 garbage-first heap   total 59392K, used 17882K [0x0000000080000000, 0x0000000100000000)
  region size 1024K, 2 young (2048K), 2 survivors (2048K)
 Metaspace       used 22409K, capacity 22950K, committed 23164K, reserved 1069056K
  class space    used 2805K, capacity 3001K, committed 3020K, reserved 1048576K
GC Heap History (15 events):
Event: 1.332 GC heap before
{Heap before GC invocations=0 (full 0):
 garbage-first heap   total 49152K, used 27648K [0x0000000080000000, 0x0000000100000000)
  region size 1024K, 22 young (22528K), 0 survivors (0K)
 Metaspace       used 9849K, capacity 10140K, committed 10368K, reserved 1058816K
  class space    used 981K, capacity 1041K, committed 1152K, reserved 1048576K
}
Event: 1.341 GC heap after
{Heap after GC invocations=1 (full 0):
 garbage-first heap   total 49152K, used 9064K [0x0000000080000000, 0x0000000100000000)
  region size 1024K, 3 young (3072K), 3 survivors (3072K)
 Metaspace       used 9849K, capacity 10140K, committed 10368K, reserved 1058816K
  class space    used 981K, capacity 1041K, committed 1152K, reserved 1048576K
}
Event: 1.922 GC heap before
{Heap before GC invocations=1 (full 0):
 garbage-first heap   total 49152K, used 27496K [0x0000000080000000, 0x0000000100000000)
  region size 1024K, 21 young (21504K), 3 survivors (3072K)
 Metaspace       used 11203K, capacity 11452K, committed 11520K, reserved 1058816K
  class space    used 1153K, capacity 1244K, committed 1280K, reserved 1048576K
}
Event: 1.929 GC heap after
{Heap after GC invocations=2 (full 0):
 garbage-first heap   total 49152K, used 10020K [0x0000000080000000, 0x0000000100000000)
  region size 1024K, 1 young (1024K), 1 survivors (1024K)
 Metaspace       used 11203K, capacity 11452K, committed 11520K, reserved 1058816K
  class space    used 1153K, capacity 1244K, committed 1280K, reserved 1048576K
}
Event: 2.329 GC heap before
{Heap before GC invocations=2 (full 0):
 garbage-first heap   total 49152K, used 28452K [0x0000000080000000, 0x0000000100000000)
  region size 1024K, 19 young (19456K), 1 survivors (1024K)
 Metaspace       used 11330K, capacity 11644K, committed 11776K, reserved 1060864K
  class space    used 1157K, capacity 1244K, committed 1280K, reserved 1048576K
}
Event: 2.336 GC heap after
{Heap after GC invocations=3 (full 0):
 garbage-first heap   total 49152K, used 13916K [0x0000000080000000, 0x0000000100000000)
  region size 1024K, 3 young (3072K), 3 survivors (3072K)
 Metaspace       used 11330K, capacity 11644K, committed 11776K, reserved 1060864K
  class space    used 1157K, capacity 1244K, committed 1280K, reserved 1048576K
}
Event: 2.803 GC heap before
{Heap before GC invocations=3 (full 0):
 garbage-first heap   total 49152K, used 31324K [0x0000000080000000, 0x0000000100000000)
  region size 1024K, 20 young (20480K), 3 survivors (3072K)
 Metaspace       used 14332K, capacity 14693K, committed 14848K, reserved 1062912K
  class space    used 1582K, capacity 1686K, committed 1792K, reserved 1048576K
}
Event: 2.808 GC heap after
{Heap after GC invocations=4 (full 0):
 garbage-first heap   total 49152K, used 15483K [0x0000000080000000, 0x0000000100000000)
  region size 1024K, 2 young (2048K), 2 survivors (2048K)
 Metaspace       used 14332K, capacity 14693K, committed 14848K, reserved 1062912K
  class space    used 1582K, capacity 1686K, committed 1792K, reserved 1048576K
}
Event: 3.621 GC heap before
{Heap before GC invocations=4 (full 0):
 garbage-first heap   total 49152K, used 32891K [0x0000000080000000, 0x0000000100000000)
  region size 1024K, 19 young (19456K), 2 survivors (2048K)
 Metaspace       used 17946K, capacity 18335K, committed 18432K, reserved 1064960K
  class space    used 2099K, capacity 2244K, committed 2304K, reserved 1048576K
}
Event: 3.626 GC heap after
{Heap after GC invocations=5 (full 0):
 garbage-first heap   total 49152K, used 16654K [0x0000000080000000, 0x0000000100000000)
  region size 1024K, 3 young (3072K), 3 survivors (3072K)
 Metaspace       used 17946K, capacity 18335K, committed 18432K, reserved 1064960K
  class space    used 2099K, capacity 2244K, committed 2304K, reserved 1048576K
}
Event: 3.964 GC heap before
{Heap before GC invocations=5 (full 0):
 garbage-first heap   total 49152K, used 34062K [0x0000000080000000, 0x0000000100000000)
  region size 1024K, 20 young (20480K), 3 survivors (3072K)
 Metaspace       used 20318K, capacity 20699K, committed 20864K, reserved 1067008K
  class space    used 2445K, capacity 2586K, committed 2688K, reserved 1048576K
}
Event: 3.969 GC heap after
{Heap after GC invocations=6 (full 0):
 garbage-first heap   total 49152K, used 17164K [0x0000000080000000, 0x0000000100000000)
  region size 1024K, 2 young (2048K), 2 survivors (2048K)
 Metaspace       used 20318K, capacity 20699K, committed 20864K, reserved 1067008K
  class space    used 2445K, capacity 2586K, committed 2688K, reserved 1048576K
}
Event: 4.106 GC heap before
{Heap before GC invocations=6 (full 0):
 garbage-first heap   total 49152K, used 22284K [0x0000000080000000, 0x0000000100000000)
  region size 1024K, 9 young (9216K), 2 survivors (2048K)
 Metaspace       used 20766K, capacity 21191K, committed 21296K, reserved 1069056K
  class space    used 2523K, capacity 2685K, committed 2688K, reserved 1048576K
}
Event: 4.112 GC heap after
{Heap after GC invocations=7 (full 0):
 garbage-first heap   total 49152K, used 17492K [0x0000000080000000, 0x0000000100000000)
  region size 1024K, 1 young (1024K), 1 survivors (1024K)
 Metaspace       used 20766K, capacity 21191K, committed 21296K, reserved 1069056K
  class space    used 2523K, capacity 2685K, committed 2688K, reserved 1048576K
}
Event: 4.394 GC heap before
{Heap before GC invocations=8 (full 0):
 garbage-first heap   total 49152K, used 32852K [0x0000000080000000, 0x0000000100000000)
  region size 1024K, 16 young (16384K), 1 survivors (1024K)
 Metaspace       used 22409K, capacity 22950K, committed 23164K, reserved 1069056K
  class space    used 2805K, capacity 3001K, committed 3020K, reserved 1048576K
}

