# JRE version: OpenJDK Runtime Environment (11.0.15) (build 11.0.15+0-b2043.56-8887301)
# Java VM: OpenJDK 64-Bit Server VM (11.0.15+0-b2043.56-8887301, mixed mode, tiered, compressed oops, g1 gc, windows-amd64)
Heap:
 garbage-first heap   total 86016K, used 61349K [0x0000000080000000, 0x0000000100000000)
  region size 1024K, 32 young (32768K), 2 survivors (2048K)
 Metaspace       used 48670K, capacity 49909K, committed 50076K, reserved 1093632K
  class space    used 6208K, capacity 6656K, committed 6680K, reserved 1048576K
GC Heap History (20 events):
Event: 7.712 GC heap before
{Heap before GC invocations=11 (full 0):
 garbage-first heap   total 59392K, used 40242K [0x0000000080000000, 0x0000000100000000)
  region size 1024K, 23 young (23552K), 3 survivors (3072K)
 Metaspace       used 28360K, capacity 29133K, committed 29308K, reserved 1075200K
  class space    used 3734K, capacity 3984K, committed 4044K, reserved 1048576K
}
Event: 7.718 GC heap after
{Heap after GC invocations=12 (full 0):
 garbage-first heap   total 59392K, used 20281K [0x0000000080000000, 0x0000000100000000)
  region size 1024K, 2 young (2048K), 2 survivors (2048K)
 Metaspace       used 28360K, capacity 29133K, committed 29308K, reserved 1075200K
  class space    used 3734K, capacity 3984K, committed 4044K, reserved 1048576K
}
Event: 8.255 GC heap before
{Heap before GC invocations=12 (full 0):
 garbage-first heap   total 59392K, used 41785K [0x0000000080000000, 0x0000000100000000)
  region size 1024K, 23 young (23552K), 2 survivors (2048K)
 Metaspace       used 30355K, capacity 31098K, committed 31228K, reserved 1077248K
  class space    used 4046K, capacity 4320K, committed 4428K, reserved 1048576K
}
Event: 8.260 GC heap after
{Heap after GC invocations=13 (full 0):
 garbage-first heap   total 59392K, used 20891K [0x0000000080000000, 0x0000000100000000)
  region size 1024K, 3 young (3072K), 3 survivors (3072K)
 Metaspace       used 30355K, capacity 31098K, committed 31228K, reserved 1077248K
  class space    used 4046K, capacity 4320K, committed 4428K, reserved 1048576K
}
Event: 9.522 GC heap before
{Heap before GC invocations=13 (full 0):
 garbage-first heap   total 59392K, used 41371K [0x0000000080000000, 0x0000000100000000)
  region size 1024K, 24 young (24576K), 3 survivors (3072K)
 Metaspace       used 34219K, capacity 35117K, committed 35324K, reserved 1079296K
  class space    used 4518K, capacity 4852K, committed 4940K, reserved 1048576K
}
Event: 9.536 GC heap after
{Heap after GC invocations=14 (full 0):
 garbage-first heap   total 59392K, used 22682K [0x0000000080000000, 0x0000000100000000)
  region size 1024K, 3 young (3072K), 3 survivors (3072K)
 Metaspace       used 34219K, capacity 35117K, committed 35324K, reserved 1079296K
  class space    used 4518K, capacity 4852K, committed 4940K, reserved 1048576K
}
Event: 9.700 GC heap before
{Heap before GC invocations=14 (full 0):
 garbage-first heap   total 59392K, used 24730K [0x0000000080000000, 0x0000000100000000)
  region size 1024K, 6 young (6144K), 3 survivors (3072K)
 Metaspace       used 35116K, capacity 35957K, committed 36048K, reserved 1081344K
  class space    used 4571K, capacity 4921K, committed 4940K, reserved 1048576K
}
Event: 9.719 GC heap after
{Heap after GC invocations=15 (full 0):
 garbage-first heap   total 59392K, used 23116K [0x0000000080000000, 0x0000000100000000)
  region size 1024K, 1 young (1024K), 1 survivors (1024K)
 Metaspace       used 35116K, capacity 35957K, committed 36048K, reserved 1081344K
  class space    used 4571K, capacity 4921K, committed 4940K, reserved 1048576K
}
Event: 10.551 GC heap before
{Heap before GC invocations=16 (full 0):
 garbage-first heap   total 59392K, used 37452K [0x0000000080000000, 0x0000000100000000)
  region size 1024K, 16 young (16384K), 1 survivors (1024K)
 Metaspace       used 38507K, capacity 39443K, committed 39580K, reserved 1083392K
  class space    used 4950K, capacity 5293K, committed 5400K, reserved 1048576K
}
Event: 10.563 GC heap after
{Heap after GC invocations=17 (full 0):
 garbage-first heap   total 71680K, used 25210K [0x0000000080000000, 0x0000000100000000)
  region size 1024K, 2 young (2048K), 2 survivors (2048K)
 Metaspace       used 38507K, capacity 39443K, committed 39580K, reserved 1083392K
  class space    used 4950K, capacity 5293K, committed 5400K, reserved 1048576K
}
Event: 10.956 GC heap before
{Heap before GC invocations=18 (full 0):
 garbage-first heap   total 71680K, used 45690K [0x0000000080000000, 0x0000000100000000)
  region size 1024K, 22 young (22528K), 2 survivors (2048K)
 Metaspace       used 38832K, capacity 39679K, committed 39836K, reserved 1083392K
  class space    used 4989K, capacity 5327K, committed 5400K, reserved 1048576K
}
Event: 10.966 GC heap after
{Heap after GC invocations=19 (full 0):
 garbage-first heap   total 71680K, used 26721K [0x0000000080000000, 0x0000000100000000)
  region size 1024K, 2 young (2048K), 2 survivors (2048K)
 Metaspace       used 38832K, capacity 39679K, committed 39836K, reserved 1083392K
  class space    used 4989K, capacity 5327K, committed 5400K, reserved 1048576K
}
Event: 11.694 GC heap before
{Heap before GC invocations=19 (full 0):
 garbage-first heap   total 71680K, used 49249K [0x0000000080000000, 0x0000000100000000)
  region size 1024K, 22 young (22528K), 2 survivors (2048K)
 Metaspace       used 40676K, capacity 41619K, committed 41884K, reserved 1085440K
  class space    used 5137K, capacity 5521K, committed 5656K, reserved 1048576K
}
Event: 11.705 GC heap after
{Heap after GC invocations=20 (full 0):
 garbage-first heap   total 71680K, used 28459K [0x0000000080000000, 0x0000000100000000)
  region size 1024K, 3 young (3072K), 3 survivors (3072K)
 Metaspace       used 40676K, capacity 41619K, committed 41884K, reserved 1085440K
  class space    used 5137K, capacity 5521K, committed 5656K, reserved 1048576K
}
Event: 12.244 GC heap before
{Heap before GC invocations=20 (full 0):
 garbage-first heap   total 71680K, used 49963K [0x0000000080000000, 0x0000000100000000)
  region size 1024K, 24 young (24576K), 3 survivors (3072K)
 Metaspace       used 41848K, capacity 42792K, committed 43036K, reserved 1087488K
  class space    used 5314K, capacity 5677K, committed 5784K, reserved 1048576K
}
Event: 12.252 GC heap after
{Heap after GC invocations=21 (full 0):
 garbage-first heap   total 71680K, used 30141K [0x0000000080000000, 0x0000000100000000)
  region size 1024K, 2 young (2048K), 2 survivors (2048K)
 Metaspace       used 41848K, capacity 42792K, committed 43036K, reserved 1087488K
  class space    used 5314K, capacity 5677K, committed 5784K, reserved 1048576K
}
Event: 12.817 GC heap before
{Heap before GC invocations=21 (full 0):
 garbage-first heap   total 71680K, used 51645K [0x0000000080000000, 0x0000000100000000)
  region size 1024K, 23 young (23552K), 2 survivors (2048K)
 Metaspace       used 43903K, capacity 44900K, committed 45212K, reserved 1089536K
  class space    used 5636K, capacity 6032K, committed 6168K, reserved 1048576K
}
Event: 12.823 GC heap after
{Heap after GC invocations=22 (full 0):
 garbage-first heap   total 86016K, used 30834K [0x0000000080000000, 0x0000000100000000)
  region size 1024K, 3 young (3072K), 3 survivors (3072K)
 Metaspace       used 43903K, capacity 44900K, committed 45212K, reserved 1089536K
  class space    used 5636K, capacity 6032K, committed 6168K, reserved 1048576K
}
Event: 13.425 GC heap before
{Heap before GC invocations=22 (full 0):
 garbage-first heap   total 86016K, used 57458K [0x0000000080000000, 0x0000000100000000)
  region size 1024K, 29 young (29696K), 3 survivors (3072K)
 Metaspace       used 46328K, capacity 47407K, committed 47516K, reserved 1091584K
  class space    used 5913K, capacity 6332K, committed 6424K, reserved 1048576K
}
Event: 13.433 GC heap after
{Heap after GC invocations=23 (full 0):
 garbage-first heap   total 86016K, used 31653K [0x0000000080000000, 0x0000000100000000)
  region size 1024K, 2 young (2048K), 2 survivors (2048K)
 Metaspace       used 46328K, capacity 47407K, committed 47516K, reserved 1091584K
  class space    used 5913K, capacity 6332K, committed 6424K, reserved 1048576K
}

